<?xml version="1.0" encoding="UTF-8"?>
<testng-results skipped="0" failed="0" total="1" passed="1">
  <reporter-output>
  </reporter-output>
  <suite name="Default suite" duration-ms="354" started-at="2016-08-31T09:53:40Z" finished-at="2016-08-31T09:53:41Z">
    <groups>
    </groups>
    <test name="Default test" duration-ms="354" started-at="2016-08-31T09:53:40Z" finished-at="2016-08-31T09:53:41Z">
      <class name="com.xinma.base.datastore.ext.message.MessageServiceTest">
        <test-method status="PASS" signature="popMessage()[pri:0, instance:com.xinma.base.datastore.ext.message.MessageServiceTest@d21a74c]" name="popMessage" duration-ms="335" started-at="2016-08-31T17:53:40Z" finished-at="2016-08-31T17:53:41Z">
          <reporter-output>
          </reporter-output>
        </test-method> <!-- popMessage -->
      </class> <!-- com.xinma.base.datastore.ext.message.MessageServiceTest -->
    </test> <!-- Default test -->
  </suite> <!-- Default suite -->
</testng-results>
